Arguments: 
  C:\Program Files\nodejs\node.exe C:\Program Files (x86)\Yarn\bin\yarn.js add @angular/common

PATH: 
  C:\windows\system32;C:\windows;C:\windows\System32\Wbem;C:\windows\System32\WindowsPowerShell\v1.0\;C:\windows\System32\OpenSSH\;C:\Program Files (x86)\NVIDIA Corporation\PhysX\Common;C:\Program Files\NVIDIA Corporation\NVIDIA NvDLISR;C:\Program Files\dotnet\;C:\Program Files\Microsoft SQL Server\130\Tools\Binn\;C:\Program Files\Microsoft SQL Server\Client SDK\ODBC\170\Tools\Binn\;C:\Program Files (x86)\Microsoft SQL Server\150\Tools\Binn\;C:\Program Files\Microsoft SQL Server\150\Tools\Binn\;C:\Program Files (x86)\Microsoft SQL Server\150\DTS\Binn\;C:\Program Files\Microsoft SQL Server\150\DTS\Binn\;C:\Program Files\nodejs\;C:\Program Files\Git\cmd;C:\Program Files (x86)\Yarn\bin\;C:\Users\Narges\AppData\Local\Microsoft\WindowsApps;C:\Users\Narges\AppData\Roaming\npm;C:\Users\Narges\AppData\Local\Programs\Microsoft VS Code\bin;C:\Users\Narges\.dotnet\tools;C:\Users\Narges\AppData\Local\Yarn\bin

Yarn version: 
  1.22.5

Node version: 
  14.17.4

Platform: 
  win32 x64

Trace: 
  Error: getaddrinfo ENOTFOUND registry.yarnpkg.com
      at GetAddrInfoReqWrap.onlookup [as oncomplete] (dns.js:69:26)

npm manifest: 
  {
    "name": "angular2-express",
    "version": "1.0.0",
    "scripts": {
      "tsc": "tsc",
      "tsc:w": "tsc -w"
    },
    "licenses": [
      {
        "type": "MIT",
        "url": "https://github.com/angular/angular.io/blob/master/LICENSE"
      }
    ],
    "dependencies": {}
  }

yarn manifest: 
  No manifest

Lockfile: 
  No lockfile
